<?xml version="1.0" encoding="UTF-8"?>
<!-- Generated by org.testng.reporters.JUnitXMLReporter -->
<testsuite ignored="2" hostname="DESKTOP-I73M586" failures="0" tests="3" name="FirefoxTest(failed)" time="0.506" errors="0" timestamp="2022-02-16T21:16:31 IST">
  <testcase classname="com.sauceDemo.TestClasses.BaseClass1" name="@BeforeClass setUpMethod" time="0.184">
    <failure type="java.lang.IllegalStateException" message="The path to the driver executable must be set by the webdriver.gecko.driver system property; for more information, see https://github.com/mozilla/geckodriver. The latest version can be downloaded from https://github.com/mozilla/geckodriver/releases">
      <![CDATA[java.lang.IllegalStateException: The path to the driver executable must be set by the webdriver.gecko.driver system property; for more information, see https://github.com/mozilla/geckodriver. The latest version can be downloaded from https://github.com/mozilla/geckodriver/releases
at com.google.common.base.Preconditions.checkState(Preconditions.java:847)
at org.openqa.selenium.remote.service.DriverService.findExecutable(DriverService.java:125)
at org.openqa.selenium.firefox.GeckoDriverService.access$100(GeckoDriverService.java:43)
at org.openqa.selenium.firefox.GeckoDriverService$Builder.findDefaultExecutable(GeckoDriverService.java:168)
at org.openqa.selenium.remote.service.DriverService$Builder.build(DriverService.java:346)
at org.openqa.selenium.firefox.FirefoxDriver.toExecutor(FirefoxDriver.java:168)
at org.openqa.selenium.firefox.FirefoxDriver.<init>(FirefoxDriver.java:125)
at org.openqa.selenium.firefox.FirefoxDriver.<init>(FirefoxDriver.java:103)
at com.sauceDemo.TestClasses.BaseClass1.setUpMethod(BaseClass1.java:39)
at java.base/java.util.concurrent.ThreadPoolExecutor.runWorker(ThreadPoolExecutor.java:1136)
at java.base/java.util.concurrent.ThreadPoolExecutor$Worker.run(ThreadPoolExecutor.java:635)
at java.base/java.lang.Thread.run(Thread.java:833)
... Removed 10 stack frames]]>
    </failure>
  </testcase> <!-- @BeforeClass setUpMethod -->
  <testcase classname="com.sauceDemo.TestClasses.BaseClass1" name="@BeforeMethod loginMethod" time="-1.645026391216E9">
    <skipped/>
  </testcase> <!-- @BeforeMethod loginMethod -->
  <testcase classname="com.sauceDemo.TestClasses.BaseClass1" name="@AfterMethod logOutMethod" time="-1.645026391301E9">
    <skipped/>
  </testcase> <!-- @AfterMethod logOutMethod -->
  <testcase classname="com.sauceDemo.TestClasses.BaseClass1" name="@BeforeClass setUpMethod" time="0.288">
    <failure type="java.lang.IllegalStateException" message="The path to the driver executable must be set by the webdriver.gecko.driver system property; for more information, see https://github.com/mozilla/geckodriver. The latest version can be downloaded from https://github.com/mozilla/geckodriver/releases">
      <![CDATA[java.lang.IllegalStateException: The path to the driver executable must be set by the webdriver.gecko.driver system property; for more information, see https://github.com/mozilla/geckodriver. The latest version can be downloaded from https://github.com/mozilla/geckodriver/releases
at com.google.common.base.Preconditions.checkState(Preconditions.java:847)
at org.openqa.selenium.remote.service.DriverService.findExecutable(DriverService.java:125)
at org.openqa.selenium.firefox.GeckoDriverService.access$100(GeckoDriverService.java:43)
at org.openqa.selenium.firefox.GeckoDriverService$Builder.findDefaultExecutable(GeckoDriverService.java:168)
at org.openqa.selenium.remote.service.DriverService$Builder.build(DriverService.java:346)
at org.openqa.selenium.firefox.FirefoxDriver.toExecutor(FirefoxDriver.java:168)
at org.openqa.selenium.firefox.FirefoxDriver.<init>(FirefoxDriver.java:125)
at org.openqa.selenium.firefox.FirefoxDriver.<init>(FirefoxDriver.java:103)
at com.sauceDemo.TestClasses.BaseClass1.setUpMethod(BaseClass1.java:39)
at java.base/java.util.concurrent.ThreadPoolExecutor.runWorker(ThreadPoolExecutor.java:1136)
at java.base/java.util.concurrent.ThreadPoolExecutor$Worker.run(ThreadPoolExecutor.java:635)
at java.base/java.lang.Thread.run(Thread.java:833)
... Removed 10 stack frames]]>
    </failure>
  </testcase> <!-- @BeforeClass setUpMethod -->
  <testcase classname="com.sauceDemo.TestClasses.BaseClass1" name="@BeforeMethod loginMethod" time="-1.645026391316E9">
    <skipped/>
  </testcase> <!-- @BeforeMethod loginMethod -->
  <testcase classname="com.sauceDemo.TestClasses.BaseClass1" name="@AfterMethod logOutMethod" time="-1.645026391324E9">
    <skipped/>
  </testcase> <!-- @AfterMethod logOutMethod -->
  <testcase classname="com.sauceDemo.TestClasses.BaseClass1" name="@BeforeClass setUpMethod" time="0.456">
    <failure type="java.lang.IllegalStateException" message="The path to the driver executable must be set by the webdriver.gecko.driver system property; for more information, see https://github.com/mozilla/geckodriver. The latest version can be downloaded from https://github.com/mozilla/geckodriver/releases">
      <![CDATA[java.lang.IllegalStateException: The path to the driver executable must be set by the webdriver.gecko.driver system property; for more information, see https://github.com/mozilla/geckodriver. The latest version can be downloaded from https://github.com/mozilla/geckodriver/releases
at com.google.common.base.Preconditions.checkState(Preconditions.java:847)
at org.openqa.selenium.remote.service.DriverService.findExecutable(DriverService.java:125)
at org.openqa.selenium.firefox.GeckoDriverService.access$100(GeckoDriverService.java:43)
at org.openqa.selenium.firefox.GeckoDriverService$Builder.findDefaultExecutable(GeckoDriverService.java:168)
at org.openqa.selenium.remote.service.DriverService$Builder.build(DriverService.java:346)
at org.openqa.selenium.firefox.FirefoxDriver.toExecutor(FirefoxDriver.java:168)
at org.openqa.selenium.firefox.FirefoxDriver.<init>(FirefoxDriver.java:125)
at org.openqa.selenium.firefox.FirefoxDriver.<init>(FirefoxDriver.java:103)
at com.sauceDemo.TestClasses.BaseClass1.setUpMethod(BaseClass1.java:39)
at java.base/java.util.concurrent.ThreadPoolExecutor.runWorker(ThreadPoolExecutor.java:1136)
at java.base/java.util.concurrent.ThreadPoolExecutor$Worker.run(ThreadPoolExecutor.java:635)
at java.base/java.lang.Thread.run(Thread.java:833)
... Removed 10 stack frames]]>
    </failure>
  </testcase> <!-- @BeforeClass setUpMethod -->
  <testcase classname="com.sauceDemo.TestClasses.BaseClass1" name="@BeforeMethod loginMethod" time="-1.645026391488E9">
    <skipped/>
  </testcase> <!-- @BeforeMethod loginMethod -->
  <testcase classname="com.sauceDemo.TestClasses.BaseClass1" name="@AfterMethod logOutMethod" time="-1.645026391494E9">
    <skipped/>
  </testcase> <!-- @AfterMethod logOutMethod -->
  <testcase classname="com.sauceDemo.TestClasses.BaseClass1" name="@AfterTest tearDown" time="0.002">
    <failure type="java.lang.NullPointerException" message="Cannot invoke &amp;quot;org.openqa.selenium.WebDriver.quit()&amp;quot; because &amp;quot;this.driver&amp;quot; is null">
      <![CDATA[java.lang.NullPointerException: Cannot invoke "org.openqa.selenium.WebDriver.quit()" because "this.driver" is null
at com.sauceDemo.TestClasses.BaseClass1.tearDown(BaseClass1.java:63)
... Removed 24 stack frames]]>
    </failure>
  </testcase> <!-- @AfterTest tearDown -->
  <testcase classname="com.sauceDemo.TestClasses.TC03VerifyAddtoCartFunctionality" name="VerifyAddtoCartFunctionality" time="0.0">
    <skipped/>
  </testcase> <!-- VerifyAddtoCartFunctionality -->
  <testcase classname="com.sauceDemo.TestClasses.TC01VerifyLoginFunctioanlity" name="verifyLogin" time="0.0">
    <skipped/>
  </testcase> <!-- verifyLogin -->
  <testcase classname="com.sauceDemo.TestClasses.TC02VerifyLogoutFunctionality" name="VerifyLogoutFunctionality" time="0.0">
    <skipped/>
  </testcase> <!-- VerifyLogoutFunctionality -->
  <testcase classname="com.sauceDemo.TestClasses.BaseClass1" name="@AfterTest tearDown" time="0.0">
    <ignored/>
  </testcase> <!-- @AfterTest tearDown -->
  <testcase classname="com.sauceDemo.TestClasses.BaseClass1" name="@AfterTest tearDown" time="0.0">
    <ignored/>
  </testcase> <!-- @AfterTest tearDown -->
</testsuite> <!-- FirefoxTest(failed) -->
